<?xml version="1.0" encoding="UTF-8"?>
<!-- Generated by org.testng.reporters.JUnitReportReporter -->
<testsuite hostname="DESKTOP-BN7FULH" failures="0" tests="1" name="org.example.testRunner.runners" time="15.976" errors="0" timestamp="2024-01-24T22:35:38 EET" skipped="0">
  <testcase classname="org.example.testRunner.runners" name="runScenario" time="15.976"/>
</testsuite> <!-- org.example.testRunner.runners -->
